Determining if the pthread_create exist failed with the following output:
Change Dir: /home/cc_file/catkin_ws/build/CMakeFiles/CMakeTmp

Run Build Command:"/usr/bin/make" "cmTC_cafaf/fast"
/usr/bin/make -f CMakeFiles/cmTC_cafaf.dir/build.make CMakeFiles/cmTC_cafaf.dir/build
make[1]: Entering directory '/home/cc_file/catkin_ws/build/CMakeFiles/CMakeTmp'
Building C object CMakeFiles/cmTC_cafaf.dir/CheckSymbolExists.c.o
/usr/bin/cc    -o CMakeFiles/cmTC_cafaf.dir/CheckSymbolExists.c.o   -c /home/cc_file/catkin_ws/build/CMakeFiles/CMakeTmp/CheckSymbolExists.c
Linking C executable cmTC_cafaf
/usr/bin/cmake -E cmake_link_script CMakeFiles/cmTC_cafaf.dir/link.txt --verbose=1
/usr/bin/cc      -rdynamic CMakeFiles/cmTC_cafaf.dir/CheckSymbolExists.c.o  -o cmTC_cafaf 
CMakeFiles/cmTC_cafaf.dir/CheckSymbolExists.c.o: In function `main':
CheckSymbolExists.c:(.text+0x1b): undefined reference to `pthread_create'
collect2: error: ld returned 1 exit status
CMakeFiles/cmTC_cafaf.dir/build.make:97: recipe for target 'cmTC_cafaf' failed
make[1]: *** [cmTC_cafaf] Error 1
make[1]: Leaving directory '/home/cc_file/catkin_ws/build/CMakeFiles/CMakeTmp'
Makefile:126: recipe for target 'cmTC_cafaf/fast' failed
make: *** [cmTC_cafaf/fast] Error 2

File /home/cc_file/catkin_ws/build/CMakeFiles/CMakeTmp/CheckSymbolExists.c:
/* */
#include <pthread.h>

int main(int argc, char** argv)
{
  (void)argv;
#ifndef pthread_create
  return ((int*)(&pthread_create))[argc];
#else
  (void)argc;
  return 0;
#endif
}

Determining if the function pthread_create exists in the pthreads failed with the following output:
Change Dir: /home/cc_file/catkin_ws/build/CMakeFiles/CMakeTmp

Run Build Command:"/usr/bin/make" "cmTC_dc918/fast"
/usr/bin/make -f CMakeFiles/cmTC_dc918.dir/build.make CMakeFiles/cmTC_dc918.dir/build
make[1]: Entering directory '/home/cc_file/catkin_ws/build/CMakeFiles/CMakeTmp'
Building C object CMakeFiles/cmTC_dc918.dir/CheckFunctionExists.c.o
/usr/bin/cc   -DCHECK_FUNCTION_EXISTS=pthread_create   -o CMakeFiles/cmTC_dc918.dir/CheckFunctionExists.c.o   -c /usr/share/cmake-3.10/Modules/CheckFunctionExists.c
Linking C executable cmTC_dc918
/usr/bin/cmake -E cmake_link_script CMakeFiles/cmTC_dc918.dir/link.txt --verbose=1
/usr/bin/cc  -DCHECK_FUNCTION_EXISTS=pthread_create    -rdynamic CMakeFiles/cmTC_dc918.dir/CheckFunctionExists.c.o  -o cmTC_dc918 -lpthreads 
/usr/bin/ld: cannot find -lpthreads
collect2: error: ld returned 1 exit status
CMakeFiles/cmTC_dc918.dir/build.make:97: recipe for target 'cmTC_dc918' failed
make[1]: *** [cmTC_dc918] Error 1
make[1]: Leaving directory '/home/cc_file/catkin_ws/build/CMakeFiles/CMakeTmp'
Makefile:126: recipe for target 'cmTC_dc918/fast' failed
make: *** [cmTC_dc918/fast] Error 2


